<?xml version="1.0" encoding="UTF-8" ?>
<testsuite 
errors="0" failures="0" hostname="sky00" name="org.scalatest.tools.DiscoverySuite" tests="0" time="0.015" timestamp="2018-06-06T13:57:57">
  <properties>
    <property name="java.runtime.name" value="OpenJDK Runtime Environment"/>
    <property 
    name="sun.boot.library.path" value="/usr/lib/jvm/java-1.8.0-openjdk-1.8.0.161-0.b14.el7_4.x86_64/jre/lib/amd64">
</property>
    <property name="java.vm.version" value="25.161-b14"/>
    <property name="java.vm.vendor" value="Oracle Corporation"/>
    <property name="java.vendor.url" value="http://java.oracle.com/"/>
    <property name="path.separator" value=":"/>
    <property name="java.vm.name" value="OpenJDK 64-Bit Server VM"/>
    <property name="file.encoding.pkg" value="sun.io"/>
    <property name="user.country" value="US"/>
    <property name="sun.java.launcher" value="SUN_STANDARD"/>
    <property name="sun.os.patch.level" value="unknown"/>
    <property 
    name="java.vm.specification.name" value="Java Virtual Machine Specification">
</property>
    <property name="user.dir" value="/root/hana-spark-connector"/>
    <property name="java.runtime.version" value="1.8.0_161-b14"/>
    <property 
    name="java.awt.graphicsenv" value="sun.awt.X11GraphicsEnvironment">
</property>
    <property name="basedir" value="/root/hana-spark-connector"/>
    <property 
    name="java.endorsed.dirs" value="/usr/lib/jvm/java-1.8.0-openjdk-1.8.0.161-0.b14.el7_4.x86_64/jre/lib/endorsed">
</property>
    <property name="os.arch" value="amd64"/>
    <property name="java.io.tmpdir" value="/tmp"/>
    <property name="line.separator" value=" "/>
    <property name="java.vm.specification.vendor" value="Oracle Corporation"/>
    <property name="os.name" value="Linux"/>
    <property name="sun.jnu.encoding" value="UTF-8"/>
    <property 
    name="java.library.path" value="/usr/java/packages/lib/amd64:/usr/lib64:/lib64:/lib:/usr/lib">
</property>
    <property 
    name="java.specification.name" value="Java Platform API Specification">
</property>
    <property name="java.class.version" value="52.0"/>
    <property 
    name="sun.management.compiler" value="HotSpot 64-Bit Tiered Compilers">
</property>
    <property name="os.version" value="3.10.0-327.22.2.el7.x86_64"/>
    <property name="user.home" value="/root"/>
    <property name="user.timezone" value=""/>
    <property name="java.awt.printerjob" value="sun.print.PSPrinterJob"/>
    <property name="file.encoding" value="UTF-8"/>
    <property name="java.specification.version" value="1.8"/>
    <property name="user.name" value="root"/>
    <property 
    name="java.class.path" value="/root/hana-spark-connector/target/test-classes:/root/hana-spark-connector/target/classes:/root/.m2/repository/org/scala-lang/scala-library/2.11.8/scala-library-2.11.8.jar:/root/.m2/repository/com/google/guava/guava/19.0/guava-19.0.jar:/root/.m2/repository/com/google/code/findbugs/jsr305/2.0.3/jsr305-2.0.3.jar:/root/.m2/repository/com/h2database/h2/1.4.192/h2-1.4.192.jar:/root/.m2/repository/org/mockito/mockito-all/1.10.19/mockito-all-1.10.19.jar:/root/.m2/repository/org/scalatest/scalatest_2.11/3.0.5/scalatest_2.11-3.0.5.jar:/root/.m2/repository/org/scalactic/scalactic_2.11/3.0.5/scalactic_2.11-3.0.5.jar:/root/.m2/repository/org/scala-lang/scala-reflect/2.11.12/scala-reflect-2.11.12.jar:/root/.m2/repository/org/scala-lang/modules/scala-xml_2.11/1.0.6/scala-xml_2.11-1.0.6.jar:/root/.m2/repository/org/slf4j/slf4j-api/1.7.12/slf4j-api-1.7.12.jar:/root/.m2/repository/org/slf4j/slf4j-log4j12/1.7.12/slf4j-log4j12-1.7.12.jar:/root/.m2/repository/log4j/log4j/1.2.16/log4j-1.2.16.jar:/root/.m2/repository/org/apache/spark/spark-core_2.11/2.0.2/spark-core_2.11-2.0.2.jar:/root/.m2/repository/org/apache/avro/avro-mapred/1.7.7/avro-mapred-1.7.7-hadoop2.jar:/root/.m2/repository/org/apache/avro/avro-ipc/1.7.7/avro-ipc-1.7.7.jar:/root/.m2/repository/org/apache/avro/avro-ipc/1.7.7/avro-ipc-1.7.7-tests.jar:/root/.m2/repository/org/codehaus/jackson/jackson-core-asl/1.9.13/jackson-core-asl-1.9.13.jar:/root/.m2/repository/org/codehaus/jackson/jackson-mapper-asl/1.9.13/jackson-mapper-asl-1.9.13.jar:/root/.m2/repository/com/twitter/chill_2.11/0.8.0/chill_2.11-0.8.0.jar:/root/.m2/repository/com/esotericsoftware/kryo-shaded/3.0.3/kryo-shaded-3.0.3.jar:/root/.m2/repository/com/esotericsoftware/minlog/1.3.0/minlog-1.3.0.jar:/root/.m2/repository/org/objenesis/objenesis/2.1/objenesis-2.1.jar:/root/.m2/repository/com/twitter/chill-java/0.8.0/chill-java-0.8.0.jar:/root/.m2/repository/org/apache/xbean/xbean-asm5-shaded/4.4/xbean-asm5-shaded-4.4.jar:/root/.m2/repository/org/apache/hadoop/hadoop-client/2.2.0/hadoop-client-2.2.0.jar:/root/.m2/repository/org/apache/hadoop/hadoop-common/2.2.0/hadoop-common-2.2.0.jar:/root/.m2/repository/commons-cli/commons-cli/1.2/commons-cli-1.2.jar:/root/.m2/repository/org/apache/commons/commons-math/2.1/commons-math-2.1.jar:/root/.m2/repository/xmlenc/xmlenc/0.52/xmlenc-0.52.jar:/root/.m2/repository/commons-lang/commons-lang/2.5/commons-lang-2.5.jar:/root/.m2/repository/commons-configuration/commons-configuration/1.6/commons-configuration-1.6.jar:/root/.m2/repository/commons-collections/commons-collections/3.2.1/commons-collections-3.2.1.jar:/root/.m2/repository/commons-digester/commons-digester/1.8/commons-digester-1.8.jar:/root/.m2/repository/commons-beanutils/commons-beanutils/1.7.0/commons-beanutils-1.7.0.jar:/root/.m2/repository/commons-beanutils/commons-beanutils-core/1.8.0/commons-beanutils-core-1.8.0.jar:/root/.m2/repository/org/apache/hadoop/hadoop-auth/2.2.0/hadoop-auth-2.2.0.jar:/root/.m2/repository/org/apache/hadoop/hadoop-hdfs/2.2.0/hadoop-hdfs-2.2.0.jar:/root/.m2/repository/org/mortbay/jetty/jetty-util/6.1.26/jetty-util-6.1.26.jar:/root/.m2/repository/org/apache/hadoop/hadoop-mapreduce-client-app/2.2.0/hadoop-mapreduce-client-app-2.2.0.jar:/root/.m2/repository/org/apache/hadoop/hadoop-mapreduce-client-common/2.2.0/hadoop-mapreduce-client-common-2.2.0.jar:/root/.m2/repository/org/apache/hadoop/hadoop-mapreduce-client-shuffle/2.2.0/hadoop-mapreduce-client-shuffle-2.2.0.jar:/root/.m2/repository/org/apache/hadoop/hadoop-mapreduce-client-core/2.2.0/hadoop-mapreduce-client-core-2.2.0.jar:/root/.m2/repository/org/apache/hadoop/hadoop-mapreduce-client-jobclient/2.2.0/hadoop-mapreduce-client-jobclient-2.2.0.jar:/root/.m2/repository/org/apache/hadoop/hadoop-annotations/2.2.0/hadoop-annotations-2.2.0.jar:/root/.m2/repository/org/apache/spark/spark-launcher_2.11/2.0.2/spark-launcher_2.11-2.0.2.jar:/root/.m2/repository/org/apache/spark/spark-network-common_2.11/2.0.2/spark-network-common_2.11-2.0.2.jar:/root/.m2/repository/org/fusesource/leveldbjni/leveldbjni-all/1.8/leveldbjni-all-1.8.jar:/root/.m2/repository/com/fasterxml/jackson/core/jackson-annotations/2.6.5/jackson-annotations-2.6.5.jar:/root/.m2/repository/org/apache/spark/spark-network-shuffle_2.11/2.0.2/spark-network-shuffle_2.11-2.0.2.jar:/root/.m2/repository/org/apache/spark/spark-unsafe_2.11/2.0.2/spark-unsafe_2.11-2.0.2.jar:/root/.m2/repository/net/java/dev/jets3t/jets3t/0.7.1/jets3t-0.7.1.jar:/root/.m2/repository/commons-httpclient/commons-httpclient/3.1/commons-httpclient-3.1.jar:/root/.m2/repository/org/apache/curator/curator-recipes/2.4.0/curator-recipes-2.4.0.jar:/root/.m2/repository/org/apache/curator/curator-framework/2.4.0/curator-framework-2.4.0.jar:/root/.m2/repository/org/apache/curator/curator-client/2.4.0/curator-client-2.4.0.jar:/root/.m2/repository/org/apache/zookeeper/zookeeper/3.4.5/zookeeper-3.4.5.jar:/root/.m2/repository/javax/servlet/javax.servlet-api/3.1.0/javax.servlet-api-3.1.0.jar:/root/.m2/repository/org/apache/commons/commons-lang3/3.3.2/commons-lang3-3.3.2.jar:/root/.m2/repository/org/apache/commons/commons-math3/3.4.1/commons-math3-3.4.1.jar:/root/.m2/repository/org/slf4j/jul-to-slf4j/1.7.16/jul-to-slf4j-1.7.16.jar:/root/.m2/repository/org/slf4j/jcl-over-slf4j/1.7.16/jcl-over-slf4j-1.7.16.jar:/root/.m2/repository/com/ning/compress-lzf/1.0.3/compress-lzf-1.0.3.jar:/root/.m2/repository/org/xerial/snappy/snappy-java/1.1.2.6/snappy-java-1.1.2.6.jar:/root/.m2/repository/net/jpountz/lz4/lz4/1.3.0/lz4-1.3.0.jar:/root/.m2/repository/org/roaringbitmap/RoaringBitmap/0.5.11/RoaringBitmap-0.5.11.jar:/root/.m2/repository/commons-net/commons-net/2.2/commons-net-2.2.jar:/root/.m2/repository/org/json4s/json4s-jackson_2.11/3.2.11/json4s-jackson_2.11-3.2.11.jar:/root/.m2/repository/org/json4s/json4s-core_2.11/3.2.11/json4s-core_2.11-3.2.11.jar:/root/.m2/repository/org/json4s/json4s-ast_2.11/3.2.11/json4s-ast_2.11-3.2.11.jar:/root/.m2/repository/org/scala-lang/scalap/2.11.0/scalap-2.11.0.jar:/root/.m2/repository/org/scala-lang/scala-compiler/2.11.0/scala-compiler-2.11.0.jar:/root/.m2/repository/org/scala-lang/modules/scala-parser-combinators_2.11/1.0.1/scala-parser-combinators_2.11-1.0.1.jar:/root/.m2/repository/org/glassfish/jersey/core/jersey-client/2.22.2/jersey-client-2.22.2.jar:/root/.m2/repository/javax/ws/rs/javax.ws.rs-api/2.0.1/javax.ws.rs-api-2.0.1.jar:/root/.m2/repository/org/glassfish/hk2/hk2-api/2.4.0-b34/hk2-api-2.4.0-b34.jar:/root/.m2/repository/org/glassfish/hk2/hk2-utils/2.4.0-b34/hk2-utils-2.4.0-b34.jar:/root/.m2/repository/org/glassfish/hk2/external/aopalliance-repackaged/2.4.0-b34/aopalliance-repackaged-2.4.0-b34.jar:/root/.m2/repository/org/glassfish/hk2/external/javax.inject/2.4.0-b34/javax.inject-2.4.0-b34.jar:/root/.m2/repository/org/glassfish/hk2/hk2-locator/2.4.0-b34/hk2-locator-2.4.0-b34.jar:/root/.m2/repository/org/javassist/javassist/3.18.1-GA/javassist-3.18.1-GA.jar:/root/.m2/repository/org/glassfish/jersey/core/jersey-common/2.22.2/jersey-common-2.22.2.jar:/root/.m2/repository/javax/annotation/javax.annotation-api/1.2/javax.annotation-api-1.2.jar:/root/.m2/repository/org/glassfish/jersey/bundles/repackaged/jersey-guava/2.22.2/jersey-guava-2.22.2.jar:/root/.m2/repository/org/glassfish/hk2/osgi-resource-locator/1.0.1/osgi-resource-locator-1.0.1.jar:/root/.m2/repository/org/glassfish/jersey/core/jersey-server/2.22.2/jersey-server-2.22.2.jar:/root/.m2/repository/org/glassfish/jersey/media/jersey-media-jaxb/2.22.2/jersey-media-jaxb-2.22.2.jar:/root/.m2/repository/javax/validation/validation-api/1.1.0.Final/validation-api-1.1.0.Final.jar:/root/.m2/repository/org/glassfish/jersey/containers/jersey-container-servlet/2.22.2/jersey-container-servlet-2.22.2.jar:/root/.m2/repository/org/glassfish/jersey/containers/jersey-container-servlet-core/2.22.2/jersey-container-servlet-core-2.22.2.jar:/root/.m2/repository/org/apache/mesos/mesos/0.21.1/mesos-0.21.1-shaded-protobuf.jar:/root/.m2/repository/io/netty/netty-all/4.0.29.Final/netty-all-4.0.29.Final.jar:/root/.m2/repository/io/netty/netty/3.8.0.Final/netty-3.8.0.Final.jar:/root/.m2/repository/com/clearspring/analytics/stream/2.7.0/stream-2.7.0.jar:/root/.m2/repository/io/dropwizard/metrics/metrics-core/3.1.2/metrics-core-3.1.2.jar:/root/.m2/repository/io/dropwizard/metrics/metrics-jvm/3.1.2/metrics-jvm-3.1.2.jar:/root/.m2/repository/io/dropwizard/metrics/metrics-json/3.1.2/metrics-json-3.1.2.jar:/root/.m2/repository/io/dropwizard/metrics/metrics-graphite/3.1.2/metrics-graphite-3.1.2.jar:/root/.m2/repository/com/fasterxml/jackson/core/jackson-databind/2.6.5/jackson-databind-2.6.5.jar:/root/.m2/repository/com/fasterxml/jackson/core/jackson-core/2.6.5/jackson-core-2.6.5.jar:/root/.m2/repository/com/fasterxml/jackson/module/jackson-module-scala_2.11/2.6.5/jackson-module-scala_2.11-2.6.5.jar:/root/.m2/repository/com/fasterxml/jackson/module/jackson-module-paranamer/2.6.5/jackson-module-paranamer-2.6.5.jar:/root/.m2/repository/org/apache/ivy/ivy/2.4.0/ivy-2.4.0.jar:/root/.m2/repository/oro/oro/2.0.8/oro-2.0.8.jar:/root/.m2/repository/net/razorvine/pyrolite/4.13/pyrolite-4.13.jar:/root/.m2/repository/net/sf/py4j/py4j/0.10.3/py4j-0.10.3.jar:/root/.m2/repository/org/apache/spark/spark-tags_2.11/2.0.2/spark-tags_2.11-2.0.2.jar:/root/.m2/repository/org/spark-project/spark/unused/1.0.0/unused-1.0.0.jar:/root/.m2/repository/org/apache/spark/spark-catalyst_2.11/2.0.2/spark-catalyst_2.11-2.0.2.jar:/root/.m2/repository/org/codehaus/janino/janino/2.7.8/janino-2.7.8.jar:/root/.m2/repository/org/codehaus/janino/commons-compiler/2.7.8/commons-compiler-2.7.8.jar:/root/.m2/repository/org/antlr/antlr4-runtime/4.5.3/antlr4-runtime-4.5.3.jar:/root/.m2/repository/commons-codec/commons-codec/1.10/commons-codec-1.10.jar:/root/.m2/repository/org/apache/spark/spark-sql_2.11/2.0.2/spark-sql_2.11-2.0.2.jar:/root/.m2/repository/com/univocity/univocity-parsers/2.1.1/univocity-parsers-2.1.1.jar:/root/.m2/repository/org/apache/spark/spark-sketch_2.11/2.0.2/spark-sketch_2.11-2.0.2.jar:/root/.m2/repository/org/apache/parquet/parquet-column/1.7.0/parquet-column-1.7.0.jar:/root/.m2/repository/org/apache/parquet/parquet-common/1.7.0/parquet-common-1.7.0.jar:/root/.m2/repository/org/apache/parquet/parquet-encoding/1.7.0/parquet-encoding-1.7.0.jar:/root/.m2/repository/org/apache/parquet/parquet-generator/1.7.0/parquet-generator-1.7.0.jar:/root/.m2/repository/org/apache/parquet/parquet-hadoop/1.7.0/parquet-hadoop-1.7.0.jar:/root/.m2/repository/org/apache/parquet/parquet-format/2.3.0-incubating/parquet-format-2.3.0-incubating.jar:/root/.m2/repository/org/apache/parquet/parquet-jackson/1.7.0/parquet-jackson-1.7.0.jar:/root/.m2/repository/org/apache/spark/spark-yarn_2.11/2.0.2/spark-yarn_2.11-2.0.2.jar:/root/.m2/repository/org/apache/hadoop/hadoop-yarn-api/2.2.0/hadoop-yarn-api-2.2.0.jar:/root/.m2/repository/com/google/inject/extensions/guice-servlet/3.0/guice-servlet-3.0.jar:/root/.m2/repository/com/google/protobuf/protobuf-java/2.5.0/protobuf-java-2.5.0.jar:/root/.m2/repository/commons-io/commons-io/2.1/commons-io-2.1.jar:/root/.m2/repository/com/google/inject/guice/3.0/guice-3.0.jar:/root/.m2/repository/javax/inject/javax.inject/1/javax.inject-1.jar:/root/.m2/repository/aopalliance/aopalliance/1.0/aopalliance-1.0.jar:/root/.m2/repository/org/apache/hadoop/hadoop-yarn-common/2.2.0/hadoop-yarn-common-2.2.0.jar:/root/.m2/repository/org/apache/hadoop/hadoop-yarn-server-web-proxy/2.2.0/hadoop-yarn-server-web-proxy-2.2.0.jar:/root/.m2/repository/org/apache/hadoop/hadoop-yarn-server-common/2.2.0/hadoop-yarn-server-common-2.2.0.jar:/root/.m2/repository/org/apache/hadoop/hadoop-yarn-client/2.2.0/hadoop-yarn-client-2.2.0.jar:/root/.m2/repository/org/apache/kafka/connect-api/0.10.1.0/connect-api-0.10.1.0.jar:/root/.m2/repository/org/apache/kafka/kafka-clients/0.10.1.0/kafka-clients-0.10.1.0.jar:/root/.m2/repository/com/databricks/spark-avro_2.11/4.0.0/spark-avro_2.11-4.0.0.jar:/root/.m2/repository/org/apache/avro/avro/1.7.6/avro-1.7.6.jar:/root/.m2/repository/com/thoughtworks/paranamer/paranamer/2.3/paranamer-2.3.jar:/root/.m2/repository/org/apache/commons/commons-compress/1.4.1/commons-compress-1.4.1.jar:/root/.m2/repository/org/tukaani/xz/1.0/xz-1.0.jar:/root/.m2/repository/org/apache/commons/commons-dbcp2/2.1.1/commons-dbcp2-2.1.1.jar:/root/.m2/repository/org/apache/commons/commons-pool2/2.4.2/commons-pool2-2.4.2.jar:/root/.m2/repository/commons-logging/commons-logging/1.2/commons-logging-1.2.jar:/root/.m2/repository/com/sap/db/ngdbc/2.1.2/ngdbc-2.1.2.jar:/root/.m2/repository/io/spray/spray-json_2.11/1.3.4/spray-json_2.11-1.3.4.jar:/root/.m2/repository/mysql/mysql-connector-java/5.1.34/mysql-connector-java-5.1.34.jar">
</property>
    <property name="java.vm.specification.version" value="1.8"/>
    <property name="sun.arch.data.model" value="64"/>
    <property 
    name="java.home" value="/usr/lib/jvm/java-1.8.0-openjdk-1.8.0.161-0.b14.el7_4.x86_64/jre">
</property>
    <property 
    name="sun.java.command" value="org.scalatest.tools.Runner -R /root/hana-spark-connector/target/classes /root/hana-spark-connector/target/test-classes -o -f /root/hana-spark-connector/target/surefire-reports/TestSuite.txt -u /root/hana-spark-connector/target/surefire-reports/.">
</property>
    <property name="java.specification.vendor" value="Oracle Corporation"/>
    <property name="user.language" value="en"/>
    <property name="awt.toolkit" value="sun.awt.X11.XToolkit"/>
    <property name="java.vm.info" value="mixed mode"/>
    <property name="java.version" value="1.8.0_161"/>
    <property 
    name="java.ext.dirs" value="/usr/lib/jvm/java-1.8.0-openjdk-1.8.0.161-0.b14.el7_4.x86_64/jre/lib/ext:/usr/java/packages/lib/ext">
</property>
    <property 
    name="sun.boot.class.path" value="/usr/lib/jvm/java-1.8.0-openjdk-1.8.0.161-0.b14.el7_4.x86_64/jre/lib/resources.jar:/usr/lib/jvm/java-1.8.0-openjdk-1.8.0.161-0.b14.el7_4.x86_64/jre/lib/rt.jar:/usr/lib/jvm/java-1.8.0-openjdk-1.8.0.161-0.b14.el7_4.x86_64/jre/lib/sunrsasign.jar:/usr/lib/jvm/java-1.8.0-openjdk-1.8.0.161-0.b14.el7_4.x86_64/jre/lib/jsse.jar:/usr/lib/jvm/java-1.8.0-openjdk-1.8.0.161-0.b14.el7_4.x86_64/jre/lib/jce.jar:/usr/lib/jvm/java-1.8.0-openjdk-1.8.0.161-0.b14.el7_4.x86_64/jre/lib/charsets.jar:/usr/lib/jvm/java-1.8.0-openjdk-1.8.0.161-0.b14.el7_4.x86_64/jre/lib/jfr.jar:/usr/lib/jvm/java-1.8.0-openjdk-1.8.0.161-0.b14.el7_4.x86_64/jre/classes">
</property>
    <property name="java.vendor" value="Oracle Corporation"/>
    <property name="file.separator" value="/"/>
    <property 
    name="java.vendor.url.bug" value="http://bugreport.sun.com/bugreport/">
</property>
    <property name="sun.cpu.endian" value="little"/>
    <property name="sun.io.unicode.encoding" value="UnicodeLittle"/>
    <property name="sun.cpu.isalist" value=""/>
  </properties>
  <system-out><![CDATA[]]></system-out>
  <system-err><![CDATA[]]></system-err>
</testsuite>
